2025-09-09 17:15:02,362 Line Detect Model INFO: Use config:default
2025-09-09 17:17:44,898 Line Detect Model INFO: Use config:default
2025-09-09 17:18:33,069 Line Detect Model INFO: Total 10587 samples, but ignore 51 samples
2025-09-09 17:18:33,071 Line Detect Model INFO: Train dataset have 10587 samples, 2471 batchs
2025-09-09 17:18:33,075 Line Detect Model INFO: Valid dataset have 2678 samples, 2678 batchs with batch_size=1
2025-09-09 17:26:06,341 Line Detect Model INFO: Use config:default
2025-09-09 17:26:54,422 Line Detect Model INFO: Total 10587 samples, but ignore 51 samples
2025-09-09 17:26:54,424 Line Detect Model INFO: Train dataset have 10587 samples, 2471 batchs
2025-09-09 17:26:54,427 Line Detect Model INFO: Valid dataset have 2678 samples, 2678 batchs with batch_size=1
2025-09-09 17:27:02,812 Line Detect Model INFO: [Train][Epoch 000 Iter 0000][Memory: 13089 ][Mean LR: 0.000100 ][Left: 2 days, 12:02:21.200924] row_segments_loss: 27.7954, row_precision: 0.2000, row_recall: 0.3333, col_segments_loss: 34.6670, col_precision: 1.0000, col_recall: 1.0000, divide_loss: 2.7791, divide_acc: 0.0000, cls_loss: 1.5243, spatial_att_logit_loss: 33.6097, cls_acc: 0.0000, cls_none_acc: 0.0000, cls_bold_acc: 0.0000, cls_space_acc: 0.0000, cls_blank_acc: 0.0000, spatial_att_logit_acc: 0.0000
2025-09-09 17:31:23,458 Line Detect Model INFO: Use config:default
2025-09-09 17:32:12,548 Line Detect Model INFO: Total 10587 samples, but ignore 51 samples
2025-09-09 17:32:12,550 Line Detect Model INFO: Train dataset have 10587 samples, 2471 batchs
2025-09-09 17:32:12,553 Line Detect Model INFO: Valid dataset have 2678 samples, 2678 batchs with batch_size=1
2025-09-09 17:32:17,927 Line Detect Model INFO: CUDA Out Of Memory
2025-09-09 17:32:17,929 Line Detect Model INFO: [Train][Epoch 000 Iter 0000][Memory: 10148 ][Mean LR: 0.000100 ][Left: 21:09:21.094945] 
2025-09-09 17:32:18,227 Line Detect Model INFO: CUDA Out Of Memory
2025-09-09 17:32:19,092 Line Detect Model INFO: CUDA Out Of Memory
2025-09-09 17:32:19,808 Line Detect Model INFO: CUDA Out Of Memory
2025-09-09 17:32:20,298 Line Detect Model INFO: CUDA Out Of Memory
2025-09-09 17:32:20,649 Line Detect Model INFO: CUDA Out Of Memory
2025-09-09 17:32:21,531 Line Detect Model INFO: CUDA Out Of Memory
2025-09-09 17:32:22,209 Line Detect Model INFO: CUDA Out Of Memory
2025-09-09 17:32:22,909 Line Detect Model INFO: CUDA Out Of Memory
2025-09-09 17:32:23,664 Line Detect Model INFO: CUDA Out Of Memory
2025-09-09 17:32:24,256 Line Detect Model INFO: CUDA Out Of Memory
2025-09-09 17:32:25,052 Line Detect Model INFO: CUDA Out Of Memory
2025-09-09 17:32:25,857 Line Detect Model INFO: CUDA Out Of Memory
2025-09-09 17:32:26,464 Line Detect Model INFO: CUDA Out Of Memory
2025-09-09 17:32:27,117 Line Detect Model INFO: CUDA Out Of Memory
2025-09-09 17:32:27,760 Line Detect Model INFO: CUDA Out Of Memory
2025-09-09 17:32:28,448 Line Detect Model INFO: CUDA Out Of Memory
2025-09-09 17:32:29,025 Line Detect Model INFO: CUDA Out Of Memory
2025-09-09 17:32:29,759 Line Detect Model INFO: CUDA Out Of Memory
2025-09-09 17:32:30,437 Line Detect Model INFO: CUDA Out Of Memory
2025-09-09 17:32:31,107 Line Detect Model INFO: CUDA Out Of Memory
2025-09-09 17:32:31,108 Line Detect Model INFO: [Train][Epoch 000 Iter 0020][Memory: 12930 ][Mean LR: 0.000100 ][Left: 9:37:07.686581] 
2025-09-09 17:32:31,847 Line Detect Model INFO: CUDA Out Of Memory
2025-09-09 17:32:32,408 Line Detect Model INFO: CUDA Out Of Memory
2025-09-09 17:32:32,850 Line Detect Model INFO: CUDA Out Of Memory
2025-09-09 17:32:33,600 Line Detect Model INFO: CUDA Out Of Memory
2025-09-09 17:32:34,279 Line Detect Model INFO: CUDA Out Of Memory
2025-09-09 17:32:35,041 Line Detect Model INFO: CUDA Out Of Memory
2025-09-09 17:32:35,466 Line Detect Model INFO: CUDA Out Of Memory
2025-09-09 17:32:36,251 Line Detect Model INFO: CUDA Out Of Memory
2025-09-09 17:32:37,003 Line Detect Model INFO: CUDA Out Of Memory
2025-09-09 17:32:37,723 Line Detect Model INFO: CUDA Out Of Memory
2025-09-09 17:32:38,315 Line Detect Model INFO: CUDA Out Of Memory
2025-09-09 17:32:38,636 Line Detect Model INFO: CUDA Out Of Memory
2025-09-09 17:32:39,407 Line Detect Model INFO: CUDA Out Of Memory
2025-09-09 17:32:39,902 Line Detect Model INFO: CUDA Out Of Memory
2025-09-09 17:32:40,615 Line Detect Model INFO: CUDA Out Of Memory
2025-09-09 17:32:41,212 Line Detect Model INFO: CUDA Out Of Memory
2025-09-09 17:32:41,923 Line Detect Model INFO: CUDA Out Of Memory
2025-09-09 17:32:42,443 Line Detect Model INFO: CUDA Out Of Memory
2025-09-09 17:32:43,145 Line Detect Model INFO: CUDA Out Of Memory
2025-09-09 17:32:43,880 Line Detect Model INFO: CUDA Out Of Memory
2025-09-09 17:32:43,881 Line Detect Model INFO: [Train][Epoch 000 Iter 0040][Memory: 12930 ][Mean LR: 0.000100 ][Left: 9:11:51.541150] 
2025-09-09 17:32:44,518 Line Detect Model INFO: CUDA Out Of Memory
2025-09-09 17:32:45,206 Line Detect Model INFO: CUDA Out Of Memory
2025-09-09 17:32:45,963 Line Detect Model INFO: CUDA Out Of Memory
2025-09-09 17:32:46,513 Line Detect Model INFO: CUDA Out Of Memory
2025-09-09 17:32:46,798 Line Detect Model INFO: CUDA Out Of Memory
2025-09-09 17:32:47,274 Line Detect Model INFO: CUDA Out Of Memory
2025-09-09 17:32:47,816 Line Detect Model INFO: CUDA Out Of Memory
2025-09-09 17:32:48,357 Line Detect Model INFO: CUDA Out Of Memory
2025-09-09 17:32:49,271 Line Detect Model INFO: CUDA Out Of Memory
2025-09-09 17:32:50,021 Line Detect Model INFO: CUDA Out Of Memory
2025-09-09 17:32:50,514 Line Detect Model INFO: CUDA Out Of Memory
2025-09-09 17:32:51,324 Line Detect Model INFO: CUDA Out Of Memory
2025-09-09 17:32:51,969 Line Detect Model INFO: CUDA Out Of Memory
2025-09-09 17:32:52,150 Line Detect Model INFO: CUDA Out Of Memory
2025-09-09 17:32:52,751 Line Detect Model INFO: CUDA Out Of Memory
2025-09-09 17:32:53,298 Line Detect Model INFO: CUDA Out Of Memory
2025-09-09 17:32:53,627 Line Detect Model INFO: CUDA Out Of Memory
2025-09-09 17:32:54,221 Line Detect Model INFO: CUDA Out Of Memory
2025-09-09 17:32:55,054 Line Detect Model INFO: CUDA Out Of Memory
2025-09-09 17:32:55,801 Line Detect Model INFO: CUDA Out Of Memory
2025-09-09 17:32:55,802 Line Detect Model INFO: [Train][Epoch 000 Iter 0060][Memory: 13033 ][Mean LR: 0.000100 ][Left: 8:51:32.525856] 
2025-09-09 17:32:56,555 Line Detect Model INFO: CUDA Out Of Memory
2025-09-09 17:32:57,304 Line Detect Model INFO: CUDA Out Of Memory
2025-09-09 17:32:57,718 Line Detect Model INFO: CUDA Out Of Memory
2025-09-09 17:32:58,438 Line Detect Model INFO: CUDA Out Of Memory
2025-09-09 17:32:58,969 Line Detect Model INFO: CUDA Out Of Memory
2025-09-09 17:32:59,804 Line Detect Model INFO: CUDA Out Of Memory
2025-09-09 17:33:00,387 Line Detect Model INFO: CUDA Out Of Memory
2025-09-09 17:33:01,209 Line Detect Model INFO: CUDA Out Of Memory
2025-09-09 17:33:01,804 Line Detect Model INFO: CUDA Out Of Memory
2025-09-09 17:33:02,484 Line Detect Model INFO: CUDA Out Of Memory
2025-09-09 17:33:03,254 Line Detect Model INFO: CUDA Out Of Memory
2025-09-09 17:33:03,821 Line Detect Model INFO: CUDA Out Of Memory
2025-09-09 17:33:04,587 Line Detect Model INFO: CUDA Out Of Memory
2025-09-09 17:33:05,256 Line Detect Model INFO: CUDA Out Of Memory
2025-09-09 17:33:05,930 Line Detect Model INFO: CUDA Out Of Memory
2025-09-09 17:33:06,383 Line Detect Model INFO: CUDA Out Of Memory
2025-09-09 17:33:07,182 Line Detect Model INFO: CUDA Out Of Memory
2025-09-09 17:33:07,629 Line Detect Model INFO: CUDA Out Of Memory
2025-09-09 17:33:08,176 Line Detect Model INFO: CUDA Out Of Memory
2025-09-09 17:33:08,936 Line Detect Model INFO: CUDA Out Of Memory
2025-09-09 17:33:08,937 Line Detect Model INFO: [Train][Epoch 000 Iter 0080][Memory: 13033 ][Mean LR: 0.000100 ][Left: 8:53:28.806472] 
2025-09-09 17:33:09,230 Line Detect Model INFO: CUDA Out Of Memory
2025-09-09 17:33:09,914 Line Detect Model INFO: CUDA Out Of Memory
2025-09-09 17:33:10,699 Line Detect Model INFO: CUDA Out Of Memory
2025-09-09 17:33:11,056 Line Detect Model INFO: CUDA Out Of Memory
2025-09-09 17:33:11,788 Line Detect Model INFO: CUDA Out Of Memory
2025-09-09 17:33:12,394 Line Detect Model INFO: CUDA Out Of Memory
2025-09-09 17:33:13,240 Line Detect Model INFO: CUDA Out Of Memory
2025-09-09 17:33:13,556 Line Detect Model INFO: CUDA Out Of Memory
2025-09-09 17:33:14,423 Line Detect Model INFO: CUDA Out Of Memory
2025-09-09 17:33:15,355 Line Detect Model INFO: CUDA Out Of Memory
2025-09-09 17:33:16,266 Line Detect Model INFO: CUDA Out Of Memory
2025-09-09 17:33:16,797 Line Detect Model INFO: CUDA Out Of Memory
2025-09-09 17:33:17,340 Line Detect Model INFO: CUDA Out Of Memory
2025-09-09 17:33:17,720 Line Detect Model INFO: CUDA Out Of Memory
2025-09-09 17:33:18,457 Line Detect Model INFO: CUDA Out Of Memory
2025-09-09 17:33:19,004 Line Detect Model INFO: CUDA Out Of Memory
2025-09-09 17:33:19,899 Line Detect Model INFO: CUDA Out Of Memory
2025-09-09 17:33:20,557 Line Detect Model INFO: CUDA Out Of Memory
2025-09-09 17:33:21,103 Line Detect Model INFO: CUDA Out Of Memory
2025-09-09 17:33:21,711 Line Detect Model INFO: CUDA Out Of Memory
2025-09-09 17:33:21,712 Line Detect Model INFO: [Train][Epoch 000 Iter 0100][Memory: 13033 ][Mean LR: 0.000100 ][Left: 8:51:38.222306] 
2025-09-09 17:33:22,061 Line Detect Model INFO: CUDA Out Of Memory
2025-09-09 17:33:22,789 Line Detect Model INFO: CUDA Out Of Memory
2025-09-09 17:33:23,222 Line Detect Model INFO: CUDA Out Of Memory
2025-09-09 17:33:23,575 Line Detect Model INFO: CUDA Out Of Memory
2025-09-09 17:33:24,259 Line Detect Model INFO: CUDA Out Of Memory
2025-09-09 17:33:24,723 Line Detect Model INFO: CUDA Out Of Memory
2025-09-09 17:33:25,532 Line Detect Model INFO: CUDA Out Of Memory
2025-09-09 17:33:26,135 Line Detect Model INFO: CUDA Out Of Memory
2025-09-09 17:33:26,867 Line Detect Model INFO: CUDA Out Of Memory
2025-09-09 17:33:27,273 Line Detect Model INFO: CUDA Out Of Memory
2025-09-09 17:33:27,702 Line Detect Model INFO: CUDA Out Of Memory
2025-09-09 17:33:28,284 Line Detect Model INFO: CUDA Out Of Memory
2025-09-09 17:33:28,672 Line Detect Model INFO: CUDA Out Of Memory
2025-09-09 17:33:29,032 Line Detect Model INFO: CUDA Out Of Memory
2025-09-09 17:33:29,693 Line Detect Model INFO: CUDA Out Of Memory
2025-09-09 17:33:30,017 Line Detect Model INFO: CUDA Out Of Memory
2025-09-09 17:33:30,760 Line Detect Model INFO: CUDA Out Of Memory
2025-09-09 17:33:31,419 Line Detect Model INFO: CUDA Out Of Memory
2025-09-09 17:33:31,801 Line Detect Model INFO: CUDA Out Of Memory
2025-09-09 17:33:32,529 Line Detect Model INFO: CUDA Out Of Memory
2025-09-09 17:33:32,531 Line Detect Model INFO: [Train][Epoch 000 Iter 0120][Memory: 13033 ][Mean LR: 0.000100 ][Left: 8:37:02.796508] 
2025-09-09 17:33:33,386 Line Detect Model INFO: CUDA Out Of Memory
2025-09-09 17:33:34,172 Line Detect Model INFO: CUDA Out Of Memory
2025-09-09 17:33:34,971 Line Detect Model INFO: CUDA Out Of Memory
2025-09-09 17:33:35,702 Line Detect Model INFO: CUDA Out Of Memory
2025-09-09 17:33:36,105 Line Detect Model INFO: CUDA Out Of Memory
2025-09-09 17:33:36,696 Line Detect Model INFO: CUDA Out Of Memory
2025-09-09 17:33:37,470 Line Detect Model INFO: CUDA Out Of Memory
2025-09-09 17:33:38,200 Line Detect Model INFO: CUDA Out Of Memory
2025-09-09 17:33:38,662 Line Detect Model INFO: CUDA Out Of Memory
2025-09-09 17:33:39,168 Line Detect Model INFO: CUDA Out Of Memory
2025-09-09 17:33:39,823 Line Detect Model INFO: CUDA Out Of Memory
2025-09-09 17:33:40,189 Line Detect Model INFO: CUDA Out Of Memory
2025-09-09 17:33:40,624 Line Detect Model INFO: CUDA Out Of Memory
2025-09-09 17:33:41,364 Line Detect Model INFO: CUDA Out Of Memory
2025-09-09 17:33:41,925 Line Detect Model INFO: CUDA Out Of Memory
2025-09-09 17:33:42,872 Line Detect Model INFO: CUDA Out Of Memory
2025-09-09 17:33:43,666 Line Detect Model INFO: CUDA Out Of Memory
2025-09-09 17:33:43,762 Line Detect Model INFO: CUDA Out Of Memory
2025-09-09 17:33:43,996 Line Detect Model INFO: CUDA Out Of Memory
2025-09-09 17:33:44,629 Line Detect Model INFO: CUDA Out Of Memory
2025-09-09 17:33:44,630 Line Detect Model INFO: [Train][Epoch 000 Iter 0140][Memory: 13033 ][Mean LR: 0.000100 ][Left: 8:34:00.332282] 
2025-09-09 17:33:45,186 Line Detect Model INFO: CUDA Out Of Memory
2025-09-09 17:33:45,924 Line Detect Model INFO: CUDA Out Of Memory
2025-09-09 17:33:46,762 Line Detect Model INFO: CUDA Out Of Memory
2025-09-09 17:33:47,193 Line Detect Model INFO: CUDA Out Of Memory
2025-09-09 17:33:47,694 Line Detect Model INFO: CUDA Out Of Memory
2025-09-09 17:33:48,070 Line Detect Model INFO: CUDA Out Of Memory
2025-09-09 17:33:48,948 Line Detect Model INFO: CUDA Out Of Memory
2025-09-09 17:33:49,394 Line Detect Model INFO: CUDA Out Of Memory
2025-09-09 17:33:50,186 Line Detect Model INFO: CUDA Out Of Memory
2025-09-09 17:33:51,101 Line Detect Model INFO: CUDA Out Of Memory
2025-09-09 17:33:51,684 Line Detect Model INFO: CUDA Out Of Memory
2025-09-09 17:33:52,546 Line Detect Model INFO: CUDA Out Of Memory
2025-09-09 17:33:53,223 Line Detect Model INFO: CUDA Out Of Memory
2025-09-09 17:33:53,716 Line Detect Model INFO: CUDA Out Of Memory
2025-09-09 17:33:54,266 Line Detect Model INFO: CUDA Out Of Memory
2025-09-09 17:33:54,890 Line Detect Model INFO: CUDA Out Of Memory
2025-09-09 17:33:55,767 Line Detect Model INFO: CUDA Out Of Memory
2025-09-09 17:33:56,578 Line Detect Model INFO: CUDA Out Of Memory
2025-09-09 17:33:56,953 Line Detect Model INFO: CUDA Out Of Memory
2025-09-09 17:33:57,713 Line Detect Model INFO: CUDA Out Of Memory
2025-09-09 17:33:57,715 Line Detect Model INFO: [Train][Epoch 000 Iter 0160][Memory: 13033 ][Mean LR: 0.000100 ][Left: 8:36:41.616693] 
2025-09-09 17:33:58,259 Line Detect Model INFO: CUDA Out Of Memory
2025-09-09 17:33:58,899 Line Detect Model INFO: CUDA Out Of Memory
2025-09-09 17:33:59,728 Line Detect Model INFO: CUDA Out Of Memory
2025-09-09 17:34:00,520 Line Detect Model INFO: CUDA Out Of Memory
2025-09-09 17:34:01,074 Line Detect Model INFO: CUDA Out Of Memory
2025-09-09 17:34:01,595 Line Detect Model INFO: CUDA Out Of Memory
2025-09-09 17:34:02,216 Line Detect Model INFO: CUDA Out Of Memory
2025-09-09 17:34:03,082 Line Detect Model INFO: CUDA Out Of Memory
2025-09-09 17:34:03,416 Line Detect Model INFO: CUDA Out Of Memory
2025-09-09 17:34:03,961 Line Detect Model INFO: CUDA Out Of Memory
2025-09-09 17:34:04,125 Line Detect Model INFO: CUDA Out Of Memory
2025-09-09 17:34:04,730 Line Detect Model INFO: CUDA Out Of Memory
2025-09-09 17:34:05,554 Line Detect Model INFO: CUDA Out Of Memory
2025-09-09 17:34:06,201 Line Detect Model INFO: CUDA Out Of Memory
2025-09-09 17:34:06,762 Line Detect Model INFO: CUDA Out Of Memory
2025-09-09 17:34:07,587 Line Detect Model INFO: CUDA Out Of Memory
2025-09-09 17:34:08,397 Line Detect Model INFO: CUDA Out Of Memory
2025-09-09 17:34:09,144 Line Detect Model INFO: CUDA Out Of Memory
2025-09-09 17:34:09,898 Line Detect Model INFO: CUDA Out Of Memory
2025-09-09 17:34:10,412 Line Detect Model INFO: CUDA Out Of Memory
2025-09-09 17:34:10,414 Line Detect Model INFO: [Train][Epoch 000 Iter 0180][Memory: 13033 ][Mean LR: 0.000100 ][Left: 8:36:59.432688] 
2025-09-09 17:34:11,084 Line Detect Model INFO: CUDA Out Of Memory
2025-09-09 17:34:11,598 Line Detect Model INFO: CUDA Out Of Memory
2025-09-09 17:34:12,235 Line Detect Model INFO: CUDA Out Of Memory
2025-09-09 17:34:13,171 Line Detect Model INFO: CUDA Out Of Memory
2025-09-09 17:34:13,533 Line Detect Model INFO: CUDA Out Of Memory
2025-09-09 17:34:14,064 Line Detect Model INFO: CUDA Out Of Memory
2025-09-09 17:34:14,560 Line Detect Model INFO: CUDA Out Of Memory
2025-09-09 17:34:15,279 Line Detect Model INFO: CUDA Out Of Memory
2025-09-09 17:34:16,109 Line Detect Model INFO: CUDA Out Of Memory
2025-09-09 17:34:16,744 Line Detect Model INFO: CUDA Out Of Memory
2025-09-09 17:34:17,401 Line Detect Model INFO: CUDA Out Of Memory
2025-09-09 17:34:17,752 Line Detect Model INFO: CUDA Out Of Memory
2025-09-09 17:34:18,634 Line Detect Model INFO: CUDA Out Of Memory
2025-09-09 17:34:19,225 Line Detect Model INFO: CUDA Out Of Memory
2025-09-09 17:34:19,560 Line Detect Model INFO: CUDA Out Of Memory
2025-09-09 17:34:20,308 Line Detect Model INFO: CUDA Out Of Memory
2025-09-09 17:34:21,136 Line Detect Model INFO: CUDA Out Of Memory
2025-09-09 17:34:22,041 Line Detect Model INFO: CUDA Out Of Memory
2025-09-09 17:34:22,211 Line Detect Model INFO: CUDA Out Of Memory
2025-09-09 17:34:22,761 Line Detect Model INFO: CUDA Out Of Memory
2025-09-09 17:34:22,762 Line Detect Model INFO: [Train][Epoch 000 Iter 0200][Memory: 13033 ][Mean LR: 0.000100 ][Left: 8:35:45.252190] 
2025-09-09 17:34:23,943 Line Detect Model INFO: CUDA Out Of Memory
2025-09-09 17:34:24,251 Line Detect Model INFO: CUDA Out Of Memory
2025-09-09 17:34:24,665 Line Detect Model INFO: CUDA Out Of Memory
2025-09-09 17:34:25,416 Line Detect Model INFO: CUDA Out Of Memory
2025-09-09 17:34:26,239 Line Detect Model INFO: CUDA Out Of Memory
2025-09-09 17:34:27,149 Line Detect Model INFO: CUDA Out Of Memory
2025-09-09 17:34:27,945 Line Detect Model INFO: CUDA Out Of Memory
2025-09-09 17:34:28,212 Line Detect Model INFO: CUDA Out Of Memory
2025-09-09 17:34:29,009 Line Detect Model INFO: CUDA Out Of Memory
2025-09-09 17:34:29,743 Line Detect Model INFO: CUDA Out Of Memory
2025-09-09 17:34:30,420 Line Detect Model INFO: CUDA Out Of Memory
2025-09-09 17:34:31,090 Line Detect Model INFO: CUDA Out Of Memory
2025-09-09 17:34:31,770 Line Detect Model INFO: CUDA Out Of Memory
2025-09-09 17:34:32,681 Line Detect Model INFO: CUDA Out Of Memory
2025-09-09 17:34:33,016 Line Detect Model INFO: CUDA Out Of Memory
2025-09-09 17:34:33,464 Line Detect Model INFO: CUDA Out Of Memory
2025-09-09 17:34:34,196 Line Detect Model INFO: CUDA Out Of Memory
2025-09-09 17:34:34,811 Line Detect Model INFO: CUDA Out Of Memory
2025-09-09 17:34:35,680 Line Detect Model INFO: CUDA Out Of Memory
2025-09-09 17:34:36,478 Line Detect Model INFO: CUDA Out Of Memory
2025-09-09 17:34:36,479 Line Detect Model INFO: [Train][Epoch 000 Iter 0220][Memory: 13033 ][Mean LR: 0.000100 ][Left: 8:39:47.066831] 
2025-09-09 17:34:37,255 Line Detect Model INFO: CUDA Out Of Memory
2025-09-09 17:34:38,016 Line Detect Model INFO: CUDA Out Of Memory
2025-09-09 17:34:38,567 Line Detect Model INFO: CUDA Out Of Memory
2025-09-09 17:34:39,024 Line Detect Model INFO: CUDA Out Of Memory
2025-09-09 17:34:39,351 Line Detect Model INFO: CUDA Out Of Memory
2025-09-09 17:34:40,086 Line Detect Model INFO: CUDA Out Of Memory
2025-09-09 17:34:40,849 Line Detect Model INFO: CUDA Out Of Memory
2025-09-09 17:34:41,556 Line Detect Model INFO: CUDA Out Of Memory
2025-09-09 17:34:42,367 Line Detect Model INFO: CUDA Out Of Memory
2025-09-09 17:34:42,926 Line Detect Model INFO: CUDA Out Of Memory
2025-09-09 17:34:43,186 Line Detect Model INFO: CUDA Out Of Memory
2025-09-09 17:34:43,730 Line Detect Model INFO: CUDA Out Of Memory
2025-09-09 17:34:44,495 Line Detect Model INFO: CUDA Out Of Memory
2025-09-09 17:34:45,010 Line Detect Model INFO: CUDA Out Of Memory
2025-09-09 17:34:45,833 Line Detect Model INFO: CUDA Out Of Memory
2025-09-09 17:34:46,565 Line Detect Model INFO: CUDA Out Of Memory
2025-09-09 17:34:47,462 Line Detect Model INFO: CUDA Out Of Memory
2025-09-09 17:34:48,199 Line Detect Model INFO: CUDA Out Of Memory
2025-09-09 17:34:48,857 Line Detect Model INFO: CUDA Out Of Memory
2025-09-09 17:34:49,493 Line Detect Model INFO: CUDA Out Of Memory
2025-09-09 17:34:49,495 Line Detect Model INFO: [Train][Epoch 000 Iter 0240][Memory: 13033 ][Mean LR: 0.000100 ][Left: 8:40:43.385771] 
2025-09-09 17:34:49,538 Line Detect Model INFO: CUDA Out Of Memory
2025-09-09 17:34:51,076 Line Detect Model INFO: CUDA Out Of Memory
2025-09-09 17:34:51,913 Line Detect Model INFO: CUDA Out Of Memory
2025-09-09 17:34:52,793 Line Detect Model INFO: CUDA Out Of Memory
2025-09-09 17:34:53,542 Line Detect Model INFO: CUDA Out Of Memory
2025-09-09 17:34:54,191 Line Detect Model INFO: CUDA Out Of Memory
2025-09-09 17:34:54,327 Line Detect Model INFO: CUDA Out Of Memory
2025-09-09 17:34:55,230 Line Detect Model INFO: CUDA Out Of Memory
2025-09-09 17:34:55,956 Line Detect Model INFO: CUDA Out Of Memory
2025-09-09 17:34:56,322 Line Detect Model INFO: CUDA Out Of Memory
2025-09-09 17:34:57,006 Line Detect Model INFO: CUDA Out Of Memory
2025-09-09 17:34:57,385 Line Detect Model INFO: CUDA Out Of Memory
2025-09-09 17:34:57,676 Line Detect Model INFO: CUDA Out Of Memory
2025-09-09 17:34:58,112 Line Detect Model INFO: CUDA Out Of Memory
2025-09-09 17:34:58,862 Line Detect Model INFO: CUDA Out Of Memory
2025-09-09 17:34:59,035 Line Detect Model INFO: CUDA Out Of Memory
2025-09-09 17:34:59,490 Line Detect Model INFO: CUDA Out Of Memory
2025-09-09 17:35:00,347 Line Detect Model INFO: CUDA Out Of Memory
2025-09-09 17:35:00,589 Line Detect Model INFO: CUDA Out Of Memory
2025-09-09 17:35:00,950 Line Detect Model INFO: CUDA Out Of Memory
2025-09-09 17:35:00,951 Line Detect Model INFO: [Train][Epoch 000 Iter 0260][Memory: 13033 ][Mean LR: 0.000100 ][Left: 8:36:35.303036] 
2025-09-09 17:35:01,822 Line Detect Model INFO: CUDA Out Of Memory
2025-09-09 17:35:02,609 Line Detect Model INFO: CUDA Out Of Memory
2025-09-09 17:35:03,213 Line Detect Model INFO: CUDA Out Of Memory
2025-09-09 17:35:03,740 Line Detect Model INFO: CUDA Out Of Memory
2025-09-09 17:35:04,539 Line Detect Model INFO: CUDA Out Of Memory
2025-09-09 17:35:05,406 Line Detect Model INFO: CUDA Out Of Memory
2025-09-09 17:35:06,174 Line Detect Model INFO: CUDA Out Of Memory
2025-09-09 17:35:06,918 Line Detect Model INFO: CUDA Out Of Memory
2025-09-09 17:35:07,397 Line Detect Model INFO: CUDA Out Of Memory
2025-09-09 17:35:07,894 Line Detect Model INFO: CUDA Out Of Memory
2025-09-09 17:35:08,662 Line Detect Model INFO: CUDA Out Of Memory
2025-09-09 17:35:09,465 Line Detect Model INFO: CUDA Out Of Memory
2025-09-09 17:35:10,338 Line Detect Model INFO: CUDA Out Of Memory
2025-09-09 17:35:11,184 Line Detect Model INFO: CUDA Out Of Memory
2025-09-09 17:35:12,048 Line Detect Model INFO: CUDA Out Of Memory
2025-09-09 17:35:12,813 Line Detect Model INFO: CUDA Out Of Memory
2025-09-09 17:35:13,617 Line Detect Model INFO: CUDA Out Of Memory
2025-09-09 17:35:14,397 Line Detect Model INFO: CUDA Out Of Memory
2025-09-09 17:35:15,220 Line Detect Model INFO: CUDA Out Of Memory
2025-09-09 17:35:16,088 Line Detect Model INFO: CUDA Out Of Memory
2025-09-09 17:35:16,090 Line Detect Model INFO: [Train][Epoch 000 Iter 0280][Memory: 13033 ][Mean LR: 0.000100 ][Left: 8:43:44.799604] 
2025-09-09 17:35:17,026 Line Detect Model INFO: CUDA Out Of Memory
2025-09-09 17:35:17,429 Line Detect Model INFO: CUDA Out Of Memory
2025-09-09 17:35:18,263 Line Detect Model INFO: CUDA Out Of Memory
2025-09-09 17:35:19,158 Line Detect Model INFO: CUDA Out Of Memory
2025-09-09 17:35:19,475 Line Detect Model INFO: CUDA Out Of Memory
2025-09-09 17:35:20,110 Line Detect Model INFO: CUDA Out Of Memory
2025-09-09 17:35:20,827 Line Detect Model INFO: CUDA Out Of Memory
2025-09-09 17:35:21,290 Line Detect Model INFO: CUDA Out Of Memory
2025-09-09 17:35:21,925 Line Detect Model INFO: CUDA Out Of Memory
2025-09-09 17:35:22,122 Line Detect Model INFO: CUDA Out Of Memory
2025-09-09 17:35:22,939 Line Detect Model INFO: CUDA Out Of Memory
2025-09-09 17:35:23,530 Line Detect Model INFO: CUDA Out Of Memory
2025-09-09 17:35:24,210 Line Detect Model INFO: CUDA Out Of Memory
2025-09-09 17:35:24,821 Line Detect Model INFO: CUDA Out Of Memory
2025-09-09 17:35:25,714 Line Detect Model INFO: CUDA Out Of Memory
2025-09-09 17:35:26,399 Line Detect Model INFO: CUDA Out Of Memory
2025-09-09 17:35:27,191 Line Detect Model INFO: CUDA Out Of Memory
2025-09-09 17:35:28,032 Line Detect Model INFO: CUDA Out Of Memory
2025-09-09 17:35:28,771 Line Detect Model INFO: CUDA Out Of Memory
2025-09-09 17:35:29,298 Line Detect Model INFO: CUDA Out Of Memory
2025-09-09 17:35:29,299 Line Detect Model INFO: [Train][Epoch 000 Iter 0300][Memory: 13033 ][Mean LR: 0.000100 ][Left: 8:44:40.392914] 
2025-09-09 17:35:29,931 Line Detect Model INFO: CUDA Out Of Memory
2025-09-09 17:35:30,738 Line Detect Model INFO: CUDA Out Of Memory
2025-09-09 17:35:31,442 Line Detect Model INFO: CUDA Out Of Memory
2025-09-09 17:35:32,168 Line Detect Model INFO: CUDA Out Of Memory
2025-09-09 17:35:32,473 Line Detect Model INFO: CUDA Out Of Memory
2025-09-09 17:35:33,357 Line Detect Model INFO: CUDA Out Of Memory
2025-09-09 17:35:34,105 Line Detect Model INFO: CUDA Out Of Memory
2025-09-09 17:35:34,891 Line Detect Model INFO: CUDA Out Of Memory
2025-09-09 17:35:35,342 Line Detect Model INFO: CUDA Out Of Memory
2025-09-09 17:35:36,001 Line Detect Model INFO: CUDA Out Of Memory
2025-09-09 17:35:36,669 Line Detect Model INFO: CUDA Out Of Memory
2025-09-09 17:35:36,992 Line Detect Model INFO: CUDA Out Of Memory
2025-09-09 17:35:37,671 Line Detect Model INFO: CUDA Out Of Memory
2025-09-09 17:35:38,517 Line Detect Model INFO: CUDA Out Of Memory
2025-09-09 17:35:39,246 Line Detect Model INFO: CUDA Out Of Memory
2025-09-09 17:35:39,603 Line Detect Model INFO: CUDA Out Of Memory
2025-09-09 17:35:40,474 Line Detect Model INFO: CUDA Out Of Memory
2025-09-09 17:35:41,193 Line Detect Model INFO: CUDA Out Of Memory
2025-09-09 17:35:42,000 Line Detect Model INFO: CUDA Out Of Memory
2025-09-09 17:35:42,828 Line Detect Model INFO: CUDA Out Of Memory
2025-09-09 17:35:42,829 Line Detect Model INFO: [Train][Epoch 000 Iter 0320][Memory: 13033 ][Mean LR: 0.000100 ][Left: 8:46:16.485970] 
2025-09-09 17:35:42,956 Line Detect Model INFO: CUDA Out Of Memory
2025-09-09 17:35:43,643 Line Detect Model INFO: CUDA Out Of Memory
2025-09-09 17:35:44,430 Line Detect Model INFO: CUDA Out Of Memory
2025-09-09 17:35:45,009 Line Detect Model INFO: CUDA Out Of Memory
2025-09-09 17:35:45,802 Line Detect Model INFO: CUDA Out Of Memory
2025-09-09 17:35:46,324 Line Detect Model INFO: CUDA Out Of Memory
2025-09-09 17:35:46,846 Line Detect Model INFO: CUDA Out Of Memory
2025-09-09 17:35:47,370 Line Detect Model INFO: CUDA Out Of Memory
